<?xml version="1.0" encoding="UTF-8"?>
<!-- Generated by org.testng.reporters.JUnitXMLReporter -->
<testsuite ignored="0" hostname="LAPTOP-LMAEDH4M" failures="0" tests="8" name="Default test" time="5.919" errors="0" timestamp="2025-05-05T13:44:38 IST">
  <testcase classname="com.Tests.otherendtoendTest" name="userNavigatesToInventoryPageWithCorrectCredentials" time="0.664"/>
  <testcase classname="com.Tests.otherendtoendTest" name="userAddsBikeLightToCartAndVerifiesRemoveButtonAppears" time="0.148"/>
  <testcase classname="com.Tests.otherendtoendTest" name="userClicksBikeLightLabelAndNavigatesToItemDescriptionPage" time="0.189"/>
  <testcase classname="com.Tests.otherendtoendTest" name="userReturnsToInventoryPage" time="0.144"/>
  <testcase classname="com.Tests.otherendtoendTest" name="userNavigatesToCartPage" time="0.153"/>
  <testcase classname="com.Tests.otherendtoendTest" name="userNavigatesToInformationPageAndEntersData" time="0.653"/>
  <testcase classname="com.Tests.otherendtoendTest" name="userNavigatesToCartOverviewPageAndFinishesCheckout" time="0.218"/>
  <testcase classname="com.Tests.otherendtoendTest" name="userNavigatesBackToHomePage" time="0.152"/>
</testsuite> <!-- Default test -->
