<?xml version="1.0" encoding="UTF-8"?>
<testng-results ignored="0" total="0" passed="0" failed="0" skipped="0">
  <reporter-output>
  </reporter-output>
  <suite started-at="2025-05-04T21:29:12 IST" name="Test Suite" finished-at="2025-05-04T21:29:12 IST" duration-ms="13">
    <groups>
    </groups>
    <test started-at="2025-05-04T21:29:12 IST" name="Test Execution" finished-at="2025-05-04T21:29:12 IST" duration-ms="13">
    </test> <!-- Test Execution -->
  </suite> <!-- Test Suite -->
</testng-results>
