<?xml version="1.0" encoding="UTF-8"?>
<testng-results ignored="0" total="8" passed="8" failed="0" skipped="0">
  <reporter-output>
  </reporter-output>
  <suite started-at="2025-05-05T13:44:32 IST" name="Default suite" finished-at="2025-05-05T13:44:38 IST" duration-ms="5919">
    <groups>
    </groups>
    <test started-at="2025-05-05T13:44:32 IST" name="Default test" finished-at="2025-05-05T13:44:38 IST" duration-ms="5919">
      <class name="com.Tests.otherendtoendTest">
        <test-method is-config="true" signature="setUp()[pri:0, instance:com.Tests.otherendtoendTest@71def8f8]" started-at="2025-05-05T13:44:32 IST" name="setUp" finished-at="2025-05-05T13:44:35 IST" duration-ms="3308" status="PASS">
          <reporter-output>
          </reporter-output>
        </test-method> <!-- setUp -->
        <test-method signature="userNavigatesToInventoryPageWithCorrectCredentials()[pri:1, instance:com.Tests.otherendtoendTest@71def8f8]" started-at="2025-05-05T13:44:35 IST" name="userNavigatesToInventoryPageWithCorrectCredentials" finished-at="2025-05-05T13:44:36 IST" duration-ms="664" status="PASS">
          <reporter-output>
          </reporter-output>
        </test-method> <!-- userNavigatesToInventoryPageWithCorrectCredentials -->
        <test-method signature="userAddsBikeLightToCartAndVerifiesRemoveButtonAppears()[pri:2, instance:com.Tests.otherendtoendTest@71def8f8]" started-at="2025-05-05T13:44:36 IST" name="userAddsBikeLightToCartAndVerifiesRemoveButtonAppears" finished-at="2025-05-05T13:44:36 IST" duration-ms="148" status="PASS">
          <reporter-output>
          </reporter-output>
        </test-method> <!-- userAddsBikeLightToCartAndVerifiesRemoveButtonAppears -->
        <test-method signature="userClicksBikeLightLabelAndNavigatesToItemDescriptionPage()[pri:3, instance:com.Tests.otherendtoendTest@71def8f8]" started-at="2025-05-05T13:44:36 IST" name="userClicksBikeLightLabelAndNavigatesToItemDescriptionPage" finished-at="2025-05-05T13:44:36 IST" duration-ms="189" status="PASS">
          <reporter-output>
          </reporter-output>
        </test-method> <!-- userClicksBikeLightLabelAndNavigatesToItemDescriptionPage -->
        <test-method signature="userReturnsToInventoryPage()[pri:4, instance:com.Tests.otherendtoendTest@71def8f8]" started-at="2025-05-05T13:44:36 IST" name="userReturnsToInventoryPage" finished-at="2025-05-05T13:44:37 IST" duration-ms="144" status="PASS">
          <reporter-output>
          </reporter-output>
        </test-method> <!-- userReturnsToInventoryPage -->
        <test-method signature="userNavigatesToCartPage()[pri:5, instance:com.Tests.otherendtoendTest@71def8f8]" started-at="2025-05-05T13:44:37 IST" name="userNavigatesToCartPage" finished-at="2025-05-05T13:44:37 IST" duration-ms="153" status="PASS">
          <reporter-output>
          </reporter-output>
        </test-method> <!-- userNavigatesToCartPage -->
        <test-method signature="userNavigatesToInformationPageAndEntersData()[pri:6, instance:com.Tests.otherendtoendTest@71def8f8]" started-at="2025-05-05T13:44:37 IST" name="userNavigatesToInformationPageAndEntersData" finished-at="2025-05-05T13:44:37 IST" duration-ms="653" status="PASS">
          <reporter-output>
          </reporter-output>
        </test-method> <!-- userNavigatesToInformationPageAndEntersData -->
        <test-method signature="userNavigatesToCartOverviewPageAndFinishesCheckout()[pri:7, instance:com.Tests.otherendtoendTest@71def8f8]" started-at="2025-05-05T13:44:37 IST" name="userNavigatesToCartOverviewPageAndFinishesCheckout" finished-at="2025-05-05T13:44:38 IST" duration-ms="218" status="PASS">
          <reporter-output>
          </reporter-output>
        </test-method> <!-- userNavigatesToCartOverviewPageAndFinishesCheckout -->
        <test-method signature="userNavigatesBackToHomePage()[pri:8, instance:com.Tests.otherendtoendTest@71def8f8]" started-at="2025-05-05T13:44:38 IST" name="userNavigatesBackToHomePage" finished-at="2025-05-05T13:44:38 IST" duration-ms="152" status="PASS">
          <reporter-output>
          </reporter-output>
        </test-method> <!-- userNavigatesBackToHomePage -->
        <test-method is-config="true" signature="tearDown()[pri:0, instance:com.Tests.otherendtoendTest@71def8f8]" started-at="2025-05-05T13:44:38 IST" name="tearDown" finished-at="2025-05-05T13:44:38 IST" duration-ms="200" status="PASS">
          <reporter-output>
          </reporter-output>
        </test-method> <!-- tearDown -->
      </class> <!-- com.Tests.otherendtoendTest -->
    </test> <!-- Default test -->
  </suite> <!-- Default suite -->
</testng-results>
